2024-07-23 11:41:02,323 - INFO - Scores: [1 1 1 1 1 1 1 1 1 1 1 1 1 1 1 1 1 1 1]
2024-07-23 17:19:50,609 - INFO - Scores: [1 1 1 1 1 1 1 1 1 1 1 1 1 1 1 1 1 1 1]
2024-07-23 17:34:25,524 - INFO - Scores: [1 1 1 1 1 1 1 1 1 1 1 1 1 1 1 1 1 1 1]
2024-07-23 17:47:32,737 - INFO - Scores: [1 1 1 1 1 1 1 1 1 1 1 1 1 1 1 1 1 1 1]
2024-07-23 18:00:53,791 - INFO - Scores: [1 1 1 1 1 1 1 1 1 1 1 1 1 1 1 1 1 1 1]
2024-07-23 18:28:29,678 - INFO - Scores: [1 1 1 1 1 1 1 1 1 1 1 1 1 1 1 1 1 1 1]
2024-07-23 18:42:28,332 - INFO - Scores: [1 1 1 1 1 1 1 1 1 1 1 1 1 1 1 1 1 1 1]
2024-07-23 18:55:20,394 - INFO - Scores: [1 1 1 1 1 1 1 1 1 1 1 1 1 1 1 1 1 1 1]
2024-07-23 19:16:06,401 - INFO - Scores: [1 1 1 1 1 1 1 1 1 1 1 1 1 1 1 1 1 1 1]
2024-07-23 19:29:06,635 - INFO - Scores: [1 1 1 1 1 1 1 1 1 1 1 1 1 1 1 1 1 1 1]
2024-07-23 19:42:17,082 - INFO - Scores: [1 1 1 1 1 1 1 1 1 1 1 1 1 1 1 1 1 1 1]
2024-07-23 19:55:10,311 - INFO - Scores: [1 1 1 1 1 1 1 1 1 1 1 1 1 1 1 1 1 1 1]
2024-07-23 20:20:32,499 - INFO - Scores: [1 1 1 1 1 1 1 1 1 1 1 1 1 1 1 1 1 1 1]
2024-07-23 20:34:18,871 - INFO - Scores: [1 1 1 1 1 1 1 1 1 1 1 1 1 1 1 1 1 1 1]
2024-07-23 20:47:12,697 - INFO - Scores: [1 1 1 1 1 1 1 1 1 1 1 1 1 1 1 1 1 1 1]
2024-07-23 21:00:19,456 - INFO - Scores: [1 1 1 1 1 1 1 1 1 1 1 1 1 1 1 1 1 1 1]
2024-07-23 21:23:59,098 - INFO - Scores: [1 1 1 1 1 1 1 1 1 1 1 1 1 1 1 1 1 1 1]
2024-07-23 21:37:31,014 - INFO - Scores: [1 1 1 1 1 1 1 1 1 1 1 1 1 1 1 1 1 1 1]
2024-07-23 21:50:44,984 - INFO - Scores: [1 1 1 1 1 1 1 1 1 1 1 1 1 1 1 1 1 1 1]
2024-07-23 22:11:50,353 - INFO - Scores: [1 1 1 1 1 1 1 1 1 1 1 1 1 1 1 1 1 1 1]
2024-07-23 22:30:38,775 - INFO - Scores: [1 1 1 1 1 1 1 1 1 1 1 1 1 1 1 1 1 1 1]
2024-07-23 22:43:45,554 - INFO - Scores: [1 1 1 1 1 1 1 1 1 1 1 1 1 1 1 1 1 1 1]
2024-07-23 22:56:35,959 - INFO - Scores: [1 1 1 1 1 1 1 1 1 1 1 1 1 1 1 1 1 1 1]
2024-07-23 23:24:02,732 - INFO - Scores: [1 1 1 1 1 1 1 1 1 1 1 1 1 1 1 1 1 1 1]
2024-07-23 23:37:59,315 - INFO - Scores: [1 1 1 1 1 1 1 1 1 1 1 1 1 1 1 1 1 1 1]
2024-07-23 23:51:18,968 - INFO - Scores: [1 1 1 1 1 1 1 1 1 1 1 1 1 1 1 1 1 1 1]
2024-07-24 00:58:31,192 - INFO - Scores: [1 1 1 1 1 1 1 1 1 1 1 1 1 1 1 1 1 1 1]
2024-07-24 02:07:57,217 - INFO - Scores: [1 1 1 1 1 1 1 1 1 1 1 1 1 1 1 1 1 1 1]
2024-07-24 02:43:36,786 - INFO - Scores: [1 1 1 1 1 1 1 1 1 1 1 1 1 1 1 1 1 1 1]
2024-07-24 02:56:39,588 - INFO - Scores: [1 1 1 1 1 1 1 1 1 1 1 1 1 1 1 1 1 1 1]
2024-07-24 03:24:09,794 - INFO - Scores: [1 1 1 1 1 1 1 1 1 1 1 1 1 1 1 1 1 1 1]
2024-07-24 03:38:30,138 - INFO - Scores: [1 1 1 1 1 1 1 1 1 1 1 1 1 1 1 1 1 1 1]
2024-07-24 03:51:25,540 - INFO - Scores: [1 1 1 1 1 1 1 1 1 1 1 1 1 1 1 1 1 1 1]
2024-07-24 04:14:51,442 - INFO - Scores: [1 1 1 1 1 1 1 1 1 1 1 1 1 1 1 1 1 1 1]
2024-07-24 04:32:04,628 - INFO - Scores: [1 1 1 1 1 1 1 1 1 1 1 1 1 1 1 1 1 1 1]
2024-07-24 04:45:06,955 - INFO - Scores: [1 1 1 1 1 1 1 1 1 1 1 1 1 1 1 1 1 1 1]
2024-07-24 04:58:25,826 - INFO - Scores: [1 1 1 1 1 1 1 1 1 1 1 1 1 1 1 1 1 1 1]
2024-07-24 05:23:28,198 - INFO - Scores: [1 1 1 1 1 1 1 1 1 1 1 1 1 1 1 1 1 1 1]
2024-07-24 05:38:02,440 - INFO - Scores: [1 1 1 1 1 1 1 1 1 1 1 1 1 1 1 1 1 1 1]
